[DEBUG] launcher called with: username=normal_bot_s035c, run_only=True
[DEBUG] loaded config: username=normal_bot_s035c
[DEBUG] Credentials match, running bot

=== Running Bot ===
Username: normal_bot_s035c
Server: ws://localhost:8000/ws

Starting bot... (Press Ctrl+C to stop)

[BOT] Connecting to ws://localhost:8000/ws...
[BOT-STDERR] Connecting to ws://localhost:8000/ws...
[BOT] Connected as normal_bot_s035c
[BOT-STDERR] Connected as normal_bot_s035c
[BOT] Authenticated successfully
[BOT] Waiting for tournament runner to initiate games...
[BOT] Game started! Playing as White against lexington_bot_s035c
[BOT] Making move: (9,9)
[BOT] Making move: (12,12)
[BOT] Making move: (10,9)
[BOT] Making move: (11,8)
[BOT] Making move: (6,8)
[BOT] Making move: (9,10)
[BOT] Making move: (8,10)
[BOT] Making move: (10,11)
[BOT] Making move: (12,8)
[BOT] Making move: (6,11)
[BOT] Making move: (7,11)
[BOT] Making move: (9,12)
[BOT] Making move: (5,10)
[BOT] Making move: (5,9)
[BOT] Making move: (4,7)
[BOT] Making move: (7,7)
[BOT] Making move: (8,5)
[BOT] Defeat. lexington_bot_s035c won the game.
[BOT] Game complete, waiting for tournament runner...
[BOT] Game started! Playing as White against lexington_bot_s035c
[BOT] Making move: (9,11)
[BOT] Making move: (9,10)
[BOT] Making move: (10,8)
[BOT] Making move: (11,11)
[BOT] Making move: (8,11)
[BOT] Making move: (10,9)
[BOT] Defeat. lexington_bot_s035c won the game.
[BOT] Game complete, waiting for tournament runner...
[BOT] Game started! Playing as Black against lexington_bot_s035c
[BOT] Making move: (10,11)
[BOT] Making move: (11,10)
[BOT] Making move: (9,12)
[BOT] Making move: (9,11)
[BOT] Making move: (11,11)
[BOT] Making move: (10,8)
[BOT] Making move: (9,14)
[BOT] Making move: (12,10)
[BOT] Making move: (13,9)
[BOT] Making move: (8,13)
[BOT] Making move: (7,12)
[BOT] Making move: (13,10)
[BOT] Making move: (14,10)
[BOT] Making move: (14,9)
[BOT] Making move: (15,8)
[BOT] Making move: (14,6)
[BOT] Making move: (14,7)
[BOT] Making move: (12,5)
[BOT] Making move: (11,5)
[BOT] Defeat. lexington_bot_s035c won the game.
[BOT] Game complete, waiting for tournament runner...
[BOT] Game started! Playing as White against lexington_bot_s035c
[BOT] Making move: (7,10)
[BOT] Making move: (7,6)
[BOT] Making move: (8,9)
[BOT] Making move: (9,7)
[BOT] Making move: (6,9)
[BOT] Making move: (5,7)
[BOT] Making move: (11,4)
[BOT] Making move: (8,11)
[BOT] Making move: (10,9)
[BOT] Making move: (9,11)
[BOT] Making move: (6,8)
[BOT] Making move: (10,10)
[BOT] Making move: (8,12)
[BOT] Making move: (8,13)
[BOT] Making move: (7,13)
[BOT] Making move: (7,11)
[BOT] Making move: (6,11)
[BOT] Making move: (7,12)
[BOT] Making move: (9,14)
[BOT] Making move: (10,15)
[BOT] Victory! I won the game!
[BOT] Game complete, waiting for tournament runner...
[BOT] Game started! Playing as Black against lexington_bot_s035c
[BOT] Making move: (9,6)
[BOT] Making move: (10,7)
[BOT] Making move: (8,8)
[BOT] Making move: (9,10)
[BOT] Making move: (4,5)
[BOT] Making move: (11,8)
[BOT] Making move: (10,9)
[BOT] Making move: (10,8)
[BOT] Making move: (10,6)
[BOT] Making move: (10,5)
[BOT] Victory! I won the game!
[BOT] Game complete, waiting for tournament runner...
[BOT] Game started! Playing as White against lexington_bot_s035c
[BOT] Making move: (8,9)
[BOT] Making move: (7,10)
[BOT] Making move: (9,9)
[BOT] Making move: (10,8)
[BOT] Making move: (5,8)
[BOT] Making move: (5,7)
[BOT] Making move: (5,10)
[BOT] Making move: (6,10)
[BOT] Making move: (7,7)
[BOT] Making move: (12,6)
[BOT] Making move: (4,9)
[BOT] Making move: (6,5)
[BOT] Making move: (10,12)
[BOT] Making move: (8,11)
[BOT] Making move: (2,12)
[BOT] Making move: (4,11)
[BOT] Making move: (3,9)
[BOT] Making move: (8,14)
[BOT] Making move: (10,10)
[BOT] Making move: (9,13)
[BOT] Making move: (7,15)
[BOT] Making move: (8,7)
[BOT] Making move: (5,15)
[BOT] Making move: (6,13)
[BOT] Making move: (7,12)
[BOT] Making move: (5,14)
[BOT] Making move: (5,16)
[BOT] Making move: (10,6)
[BOT] Making move: (9,5)
[BOT] Making move: (7,5)
[BOT] Making move: (8,4)
[BOT] Making move: (6,17)
[BOT] Making move: (7,6)
[BOT] Making move: (3,4)
[BOT] Making move: (3,6)
[BOT] Making move: (2,5)
[BOT] Making move: (4,4)
[BOT] Making move: (5,3)
[BOT] Making move: (9,6)
[BOT] Making move: (8,1)
[BOT] Making move: (7,0)
[BOT] Making move: (4,1)
[BOT] Making move: (4,2)
[BOT] Making move: (8,2)
[BOT] Making move: (6,1)
[BOT] Making move: (10,3)
[BOT] Making move: (9,4)
[BOT] Making move: (1,4)
[BOT] Making move: (3,2)
[BOT] Making move: (2,4)
[BOT] Making move: (3,3)
[BOT] Making move: (2,2)
[BOT] Making move: (1,5)
[BOT] Making move: (0,5)
[BOT] Making move: (11,0)
[BOT] Making move: (0,2)
[BOT] Making move: (3,0)
[BOT] Making move: (3,8)
[BOT] Making move: (3,12)
[BOT] Making move: (2,10)
[BOT] Making move: (12,5)
[BOT] Making move: (11,3)
[BOT] Making move: (11,2)
[BOT] Making move: (12,1)
[BOT] Making move: (13,4)
[BOT] Making move: (13,2)
[BOT] Making move: (12,2)
[BOT] Making move: (13,3)
[BOT] Making move: (14,5)
[BOT] Making move: (14,0)
[BOT] Making move: (13,8)
[BOT] Making move: (11,8)
[BOT] Making move: (12,11)
[BOT] Making move: (3,14)
[BOT] Making move: (4,16)
[BOT] Making move: (7,11)
[BOT] Making move: (2,16)
[BOT] Making move: (1,13)
[BOT] Making move: (2,9)
[BOT] Making move: (1,9)
[BOT] Making move: (10,13)
[BOT] Making move: (11,13)
[BOT] Making move: (10,11)
[BOT] Making move: (11,14)
[BOT] Making move: (15,3)
[BOT] Making move: (12,15)
[BOT] Making move: (11,15)
[BOT] Making move: (12,16)
[BOT] Making move: (13,14)
[BOT] Making move: (9,14)
[BOT] Making move: (10,16)
[BOT] Making move: (15,6)
[BOT] Making move: (16,7)
[BOT] Making move: (16,5)
[BOT] Making move: (17,4)
[BOT] Making move: (15,8)
[BOT] Making move: (14,9)
[BOT] Making move: (18,5)
[BOT] Making move: (17,5)
[BOT] Making move: (14,6)
[BOT] Making move: (18,8)
[BOT] Making move: (17,10)
[BOT] Making move: (15,10)
[BOT] Making move: (14,11)
[BOT] Making move: (15,9)
[BOT] Making move: (13,9)
[BOT] Making move: (14,12)
[BOT] Making move: (16,13)
[BOT] Making move: (18,14)
[BOT] Making move: (14,14)
[BOT] Making move: (15,14)
[BOT] Making move: (15,15)
[BOT] Making move: (14,13)
[BOT] Making move: (15,16)
[BOT] Making move: (16,18)
[BOT] Making move: (4,12)
[BOT] Making move: (0,15)
[BOT] Making move: (0,10)
[BOT] Making move: (8,16)
[BOT] Making move: (16,15)
[BOT] Making move: (17,16)
[BOT] Making move: (16,17)
[BOT] Making move: (4,6)
[BOT] Making move: (16,8)
[BOT] Making move: (1,14)
[BOT] Making move: (17,11)
[BOT] Making move: (16,1)
[BOT] Making move: (18,2)
[BOT] Making move: (18,12)
[BOT] Making move: (18,10)
[BOT] Making move: (10,17)
[BOT] Making move: (13,17)
[BOT] Making move: (15,18)
[BOT] Making move: (1,17)
[BOT] Making move: (12,18)
[BOT] Making move: (8,18)
[BOT] Making move: (5,18)
[BOT] Making move: (16,0)
[BOT] Making move: (0,7)
[BOT] Making move: (2,18)
[BOT] Making move: (3,16)
[BOT] Making move: (11,5)
[BOT] Making move: (17,17)
[BOT] Making move: (17,0)
[BOT] Making move: (7,17)
[BOT] Making move: (1,0)
[BOT] Making move: (12,12)
[BOT] Making move: (16,9)
[BOT] Making move: (7,14)
[BOT] Making move: (4,8)
[BOT] Making move: (15,1)
[BOT] Making move: (1,10)
[BOT] Making move: (14,16)
[BOT] Making move: (2,14)
[BOT] Making move: (1,3)
[BOT] Making move: (2,11)
[BOT] Making move: (0,3)
[BOT] Making move: (10,2)
[BOT] Making move: (18,15)
[BOT] Making move: (5,0)
[BOT] Making move: (0,16)
[BOT] Making move: (11,17)
[BOT] Making move: (17,1)
[BOT] Making move: (16,3)
[BOT] Making move: (13,11)
[BOT] Making move: (0,1)
[BOT] Making move: (17,2)
[BOT] Making move: (8,6)
[BOT] Making move: (10,18)
[BOT] Making move: (8,13)
[BOT] Making move: (13,13)
[BOT] Making move: (0,14)
[BOT] Making move: (2,6)
[BOT] Making move: (11,1)
[BOT] Making move: (1,7)
[BOT] Making move: (18,16)
[BOT] Making move: (10,0)
[BOT] Making move: (9,0)
[BOT] Making move: (0,0)
[BOT] Game ended in a draw.
[BOT] Game complete, waiting for tournament runner...
[BOT] Game started! Playing as White against lexington_bot_s035c
[BOT] Making move: (7,7)
[BOT] Making move: (8,9)
[BOT] Making move: (6,10)
[BOT] Making move: (9,10)
[BOT] Making move: (8,10)
[BOT] Making move: (10,11)
[BOT] Making move: (9,6)
[BOT] Making move: (7,6)
[BOT] Making move: (11,5)
[BOT] Making move: (8,6)
[BOT] Making move: (6,6)
[BOT] Making move: (11,7)
[BOT] Making move: (8,5)
[BOT] Making move: (10,8)
[BOT] Making move: (13,4)
[BOT] Making move: (11,11)
[BOT] Making move: (12,11)
[BOT] Making move: (9,12)
[BOT] Making move: (12,6)
[BOT] Making move: (13,5)
[BOT] Making move: (13,7)
[BOT] Making move: (10,3)
[BOT] Making move: (15,8)
[BOT] Making move: (14,6)
[BOT] Making move: (15,4)
[BOT] Making move: (10,5)
[BOT] Making move: (7,4)
[BOT] Making move: (11,4)
[BOT] Making move: (15,5)
[BOT] Making move: (15,7)
[BOT] Making move: (14,8)
[BOT] Making move: (16,8)
[BOT] Making move: (13,8)
[BOT] Making move: (17,8)
[BOT] Victory! I won the game!
[BOT] Game complete, waiting for tournament runner...
[BOT] Game started! Playing as Black against lexington_bot_s035c
[BOT] Making move: (10,10)
[BOT] Making move: (12,9)
[BOT] Making move: (9,7)
[BOT] Making move: (13,8)
[BOT] Making move: (10,7)
[BOT] Making move: (8,7)
[BOT] Making move: (9,8)
[BOT] Making move: (9,10)
[BOT] Making move: (8,9)
[BOT] Making move: (8,8)
[BOT] Making move: (7,9)
[BOT] Making move: (8,6)
[BOT] Making move: (11,6)
[BOT] Making move: (10,6)
[BOT] Making move: (9,6)
[BOT] Making move: (7,6)
[BOT] Victory! I won the game!
[BOT] Game complete, waiting for tournament runner...
[BOT] Game started! Playing as Black against lexington_bot_s035c
[BOT] Making move: (10,8)
[BOT] Making move: (12,9)
[BOT] Making move: (10,11)
[BOT] Making move: (13,8)
[BOT] Making move: (10,10)
[BOT] Making move: (9,10)
[BOT] Making move: (11,12)
[BOT] Making move: (7,10)
[BOT] Making move: (11,11)
[BOT] Making move: (11,13)
[BOT] Making move: (8,8)
[BOT] Making move: (12,13)
[BOT] Making move: (10,13)
[BOT] Making move: (9,14)
[BOT] Making move: (13,13)
[BOT] Making move: (14,14)
[BOT] Making move: (7,9)
[BOT] Making move: (12,5)
[BOT] Making move: (7,7)
[BOT] Making move: (11,7)
[BOT] Making move: (9,5)
[BOT] Making move: (8,6)
[BOT] Making move: (10,5)
[BOT] Making move: (12,6)
[BOT] Making move: (13,3)
[BOT] Making move: (13,4)
[BOT] Making move: (11,3)
[BOT] Making move: (8,5)
[BOT] Making move: (9,4)
[BOT] Making move: (16,11)
[BOT] Making move: (11,16)
[BOT] Making move: (11,15)
[BOT] Making move: (6,7)
[BOT] Making move: (6,8)
[BOT] Making move: (6,5)
[BOT] Making move: (6,6)
[BOT] Making move: (6,4)
[BOT] Victory! I won the game!
[BOT] Game complete, waiting for tournament runner...
[BOT] Game started! Playing as Black against lexington_bot_s035c
[BOT] Making move: (11,8)
[BOT] Making move: (12,9)
[BOT] Making move: (9,7)
[BOT] Making move: (13,8)
[BOT] Making move: (13,10)
[BOT] Making move: (12,10)
[BOT] Making move: (12,8)
[BOT] Making move: (13,11)
[BOT] Making move: (12,7)
[BOT] Making move: (11,7)
[BOT] Making move: (11,6)
[BOT] Making move: (11,4)
[BOT] Making move: (14,8)
[BOT] Making move: (15,10)
[BOT] Making move: (14,9)
[BOT] Victory! I won the game!
[BOT] Game complete, waiting for tournament runner...
