[DEBUG] launcher called with: username=normal_bot_sd235, run_only=True
[DEBUG] loaded config: username=normal_bot_sd235
[DEBUG] Credentials match, running bot

=== Running Bot ===
Username: normal_bot_sd235
Server: ws://localhost:8000/ws

Starting bot... (Press Ctrl+C to stop)

[BOT] Connecting to ws://localhost:8000/ws...
[BOT-STDERR] Connecting to ws://localhost:8000/ws...
[BOT] Connected as normal_bot_sd235
[BOT-STDERR] Connected as normal_bot_sd235
[BOT] Authenticated successfully
[BOT] Waiting for tournament runner to initiate games...
[BOT] Game started! Playing as Black against lexington_bot_sd235
[BOT] Making move: (11,9)
[BOT] Making move: (10,7)
[BOT] Making move: (8,9)
[BOT] Making move: (7,10)
[BOT] Making move: (9,9)
[BOT] Making move: (9,10)
[BOT] Making move: (10,11)
[BOT] Making move: (6,10)
[BOT] Making move: (9,11)
[BOT] Making move: (10,10)
[BOT] Making move: (11,11)
[BOT] Making move: (12,12)
[BOT] Making move: (13,13)
[BOT] Victory! I won the game!
[BOT] Game complete, waiting for tournament runner...
[BOT] Game started! Playing as White against lexington_bot_sd235
[BOT] Making move: (10,9)
[BOT] Making move: (9,7)
[BOT] Making move: (8,9)
[BOT] Making move: (11,10)
[BOT] Making move: (13,14)
[BOT] Making move: (8,8)
[BOT] Making move: (8,10)
[BOT] Making move: (7,9)
[BOT] Making move: (9,11)
[BOT] Making move: (8,12)
[BOT] Making move: (6,8)
[BOT] Making move: (7,13)
[BOT] Making move: (10,6)
[BOT] Making move: (13,12)
[BOT] Making move: (14,13)
[BOT] Making move: (12,12)
[BOT] Making move: (13,10)
[BOT] Making move: (7,10)
[BOT] Making move: (11,14)
[BOT] Making move: (10,15)
[BOT] Making move: (8,15)
[BOT] Making move: (8,14)
[BOT] Making move: (6,15)
[BOT] Making move: (9,13)
[BOT] Making move: (7,17)
[BOT] Making move: (5,13)
[BOT] Making move: (7,8)
[BOT] Making move: (6,11)
[BOT] Making move: (6,13)
[BOT] Making move: (12,10)
[BOT] Making move: (5,8)
[BOT] Making move: (4,14)
[BOT] Making move: (4,7)
[BOT] Making move: (3,7)
[BOT] Making move: (6,6)
[BOT] Making move: (10,18)
[BOT] Making move: (9,18)
[BOT] Making move: (7,16)
[BOT] Making move: (1,11)
[BOT] Making move: (2,9)
[BOT] Making move: (6,12)
[BOT] Making move: (4,10)
[BOT] Making move: (3,13)
[BOT] Making move: (3,15)
[BOT] Making move: (3,14)
[BOT] Making move: (3,16)
[BOT] Making move: (3,6)
[BOT] Making move: (4,6)
[BOT] Making move: (2,8)
[BOT] Making move: (2,7)
[BOT] Making move: (5,3)
[BOT] Making move: (4,5)
[BOT] Making move: (1,10)
[BOT] Making move: (4,12)
[BOT] Making move: (0,13)
[BOT] Defeat. lexington_bot_sd235 won the game.
[BOT] Game complete, waiting for tournament runner...
[BOT] Game started! Playing as White against lexington_bot_sd235
[BOT] Making move: (8,9)
[BOT] Making move: (10,8)
[BOT] Making move: (9,10)
[BOT] Making move: (12,9)
[BOT] Making move: (11,7)
[BOT] Making move: (14,5)
[BOT] Making move: (12,5)
[BOT] Making move: (13,4)
[BOT] Making move: (14,6)
[BOT] Making move: (14,7)
[BOT] Making move: (13,7)
[BOT] Making move: (13,8)
[BOT] Making move: (9,6)
[BOT] Making move: (15,7)
[BOT] Making move: (16,8)
[BOT] Making move: (14,4)
[BOT] Making move: (16,5)
[BOT] Making move: (15,3)
[BOT] Making move: (12,10)
[BOT] Making move: (10,10)
[BOT] Making move: (11,11)
[BOT] Making move: (13,12)
[BOT] Making move: (7,9)
[BOT] Making move: (9,12)
[BOT] Making move: (4,11)
[BOT] Making move: (4,7)
[BOT] Making move: (5,7)
[BOT] Making move: (4,8)
[BOT] Making move: (6,10)
[BOT] Making move: (8,6)
[BOT] Defeat. lexington_bot_sd235 won the game.
[BOT] Game complete, waiting for tournament runner...
[BOT] Game started! Playing as White against lexington_bot_sd235
[BOT] Making move: (12,7)
[BOT] Making move: (10,8)
[BOT] Making move: (13,10)
[BOT] Making move: (9,9)
[BOT] Making move: (8,10)
[BOT] Making move: (13,9)
[BOT] Making move: (13,7)
[BOT] Making move: (14,7)
[BOT] Making move: (14,8)
[BOT] Making move: (8,5)
[BOT] Making move: (10,6)
[BOT] Making move: (8,9)
[BOT] Making move: (11,10)
[BOT] Making move: (14,6)
[BOT] Making move: (8,11)
[BOT] Making move: (14,5)
[BOT] Making move: (9,11)
[BOT] Making move: (12,12)
[BOT] Making move: (6,10)
[BOT] Making move: (7,9)
[BOT] Making move: (6,9)
[BOT] Making move: (6,8)
[BOT] Making move: (6,7)
[BOT] Making move: (6,11)
[BOT] Victory! I won the game!
[BOT] Game complete, waiting for tournament runner...
[BOT] Game started! Playing as Black against lexington_bot_sd235
[BOT] Making move: (8,9)
[BOT] Making move: (8,8)
[BOT] Making move: (9,7)
[BOT] Making move: (10,6)
[BOT] Making move: (7,8)
[BOT] Making move: (9,5)
[BOT] Making move: (9,11)
[BOT] Making move: (11,7)
[BOT] Making move: (9,6)
[BOT] Making move: (9,10)
[BOT] Making move: (6,9)
[BOT] Making move: (12,7)
[BOT] Making move: (11,8)
[BOT] Making move: (11,5)
[BOT] Making move: (11,6)
[BOT] Making move: (11,9)
[BOT] Victory! I won the game!
[BOT] Game complete, waiting for tournament runner...
[BOT] Game started! Playing as White against lexington_bot_sd235
[BOT] Making move: (8,6)
[BOT] Making move: (9,7)
[BOT] Making move: (7,6)
[BOT] Making move: (10,5)
[BOT] Making move: (5,7)
[BOT] Making move: (9,9)
[BOT] Making move: (5,5)
[BOT] Making move: (8,9)
[BOT] Making move: (9,11)
[BOT] Making move: (8,11)
[BOT] Making move: (10,11)
[BOT] Making move: (11,10)
[BOT] Making move: (7,10)
[BOT] Making move: (6,8)
[BOT] Making move: (4,12)
[BOT] Making move: (6,13)
[BOT] Making move: (4,10)
[BOT] Making move: (5,10)
[BOT] Making move: (2,11)
[BOT] Making move: (9,15)
[BOT] Making move: (10,12)
[BOT] Making move: (10,13)
[BOT] Making move: (9,14)
[BOT] Making move: (12,16)
[BOT] Making move: (10,10)
[BOT] Making move: (11,13)
[BOT] Making move: (13,13)
[BOT] Making move: (12,12)
[BOT] Making move: (3,6)
[BOT] Making move: (11,8)
[BOT] Making move: (14,9)
[BOT] Making move: (14,14)
[BOT] Making move: (14,15)
[BOT] Making move: (15,15)
[BOT] Making move: (15,16)
[BOT] Making move: (16,18)
[BOT] Making move: (13,11)
[BOT] Making move: (12,7)
[BOT] Making move: (11,7)
[BOT] Making move: (13,7)
[BOT] Making move: (15,7)
[BOT] Making move: (15,11)
[BOT] Making move: (13,4)
[BOT] Making move: (15,8)
[BOT] Making move: (10,6)
[BOT] Making move: (14,6)
[BOT] Making move: (14,11)
[BOT] Making move: (14,13)
[BOT] Making move: (13,10)
[BOT] Making move: (12,4)
[BOT] Making move: (11,4)
[BOT] Making move: (14,4)
[BOT] Making move: (14,5)
[BOT] Making move: (13,8)
[BOT] Making move: (16,8)
[BOT] Making move: (13,2)
[BOT] Making move: (16,3)
[BOT] Making move: (13,3)
[BOT] Making move: (12,2)
[BOT] Making move: (14,2)
[BOT] Making move: (15,1)
[BOT] Making move: (10,2)
[BOT] Making move: (18,10)
[BOT] Making move: (17,8)
[BOT] Making move: (13,1)
[BOT] Making move: (14,1)
[BOT] Making move: (9,3)
[BOT] Making move: (15,0)
[BOT] Making move: (18,7)
[BOT] Making move: (15,5)
[BOT] Making move: (18,3)
[BOT] Making move: (17,3)
[BOT] Making move: (15,13)
[BOT] Making move: (16,13)
[BOT] Making move: (17,11)
[BOT] Making move: (15,12)
[BOT] Making move: (17,15)
[BOT] Making move: (7,12)
[BOT] Making move: (3,10)
[BOT] Making move: (2,10)
[BOT] Making move: (2,9)
[BOT] Making move: (2,12)
[BOT] Making move: (3,12)
[BOT] Making move: (1,11)
[BOT] Making move: (5,9)
[BOT] Making move: (4,15)
[BOT] Making move: (6,14)
[BOT] Making move: (1,14)
[BOT] Making move: (3,15)
[BOT] Making move: (5,12)
[BOT] Making move: (7,17)
[BOT] Making move: (5,16)
[BOT] Defeat. lexington_bot_sd235 won the game.
[BOT] Game complete, waiting for tournament runner...
[BOT] Game started! Playing as Black against lexington_bot_sd235
[BOT] Making move: (8,10)
[BOT] Making move: (7,11)
[BOT] Making move: (9,9)
[BOT] Making move: (6,12)
[BOT] Making move: (9,8)
[BOT] Making move: (6,9)
[BOT] Making move: (9,14)
[BOT] Making move: (11,14)
[BOT] Making move: (6,11)
[BOT] Making move: (8,13)
[BOT] Making move: (11,10)
[BOT] Making move: (10,11)
[BOT] Making move: (10,16)
[BOT] Making move: (5,14)
[BOT] Making move: (12,16)
[BOT] Making move: (9,7)
[BOT] Making move: (8,7)
[BOT] Making move: (8,6)
[BOT] Making move: (12,15)
[BOT] Making move: (12,12)
[BOT] Making move: (13,13)
[BOT] Making move: (3,13)
[BOT] Making move: (7,17)
[BOT] Making move: (8,15)
[BOT] Making move: (4,12)
[BOT] Defeat. lexington_bot_sd235 won the game.
[BOT] Game complete, waiting for tournament runner...
[BOT] Game started! Playing as White against lexington_bot_sd235
[BOT] Making move: (6,7)
[BOT] Making move: (8,8)
[BOT] Making move: (9,6)
[BOT] Making move: (9,9)
[BOT] Making move: (7,7)
[BOT] Making move: (7,10)
[BOT] Making move: (10,9)
[BOT] Making move: (4,6)
[BOT] Making move: (5,4)
[BOT] Making move: (7,4)
[BOT] Making move: (8,5)
[BOT] Making move: (6,2)
[BOT] Making move: (4,11)
[BOT] Making move: (4,9)
[BOT] Making move: (5,7)
[BOT] Making move: (2,9)
[BOT] Making move: (6,8)
[BOT] Making move: (5,11)
[BOT] Making move: (6,10)
[BOT] Making move: (1,8)
[BOT] Making move: (2,5)
[BOT] Making move: (3,5)
[BOT] Making move: (1,5)
[BOT] Making move: (3,10)
[BOT] Making move: (1,7)
[BOT] Making move: (4,4)
[BOT] Making move: (10,7)
[BOT] Making move: (10,10)
[BOT] Making move: (10,8)
[BOT] Making move: (10,11)
[BOT] Victory! I won the game!
[BOT] Game complete, waiting for tournament runner...
[BOT] Game started! Playing as Black against lexington_bot_sd235
[BOT] Making move: (10,8)
[BOT] Making move: (8,9)
[BOT] Making move: (10,9)
[BOT] Making move: (6,8)
[BOT] Making move: (9,7)
[BOT] Making move: (10,11)
[BOT] Making move: (9,11)
[BOT] Making move: (9,12)
[BOT] Making move: (8,13)
[BOT] Making move: (11,12)
[BOT] Making move: (10,12)
[BOT] Making move: (7,11)
[BOT] Making move: (11,7)
[BOT] Making move: (12,12)
[BOT] Making move: (12,6)
[BOT] Making move: (7,14)
[BOT] Making move: (7,12)
[BOT] Making move: (10,15)
[BOT] Making move: (10,14)
[BOT] Making move: (11,13)
[BOT] Making move: (8,14)
[BOT] Making move: (15,10)
[BOT] Making move: (12,9)
[BOT] Making move: (13,13)
[BOT] Making move: (14,10)
[BOT] Making move: (13,8)
[BOT] Making move: (15,11)
[BOT] Making move: (15,13)
[BOT] Making move: (14,13)
[BOT] Making move: (17,14)
[BOT] Making move: (17,12)
[BOT] Making move: (16,14)
[BOT] Defeat. lexington_bot_sd235 won the game.
[BOT] Game complete, waiting for tournament runner...
[BOT] Game started! Playing as White against lexington_bot_sd235
[BOT] Making move: (10,8)
[BOT] Making move: (11,9)
[BOT] Making move: (9,8)
[BOT] Making move: (8,7)
[BOT] Making move: (13,7)
[BOT] Making move: (9,10)
[BOT] Making move: (12,9)
[BOT] Making move: (8,9)
[BOT] Making move: (8,8)
[BOT] Making move: (11,12)
[BOT] Making move: (8,6)
[BOT] Making move: (13,9)
[BOT] Making move: (14,5)
[BOT] Making move: (7,4)
[BOT] Making move: (13,8)
[BOT] Making move: (12,10)
[BOT] Making move: (16,7)
[BOT] Making move: (12,5)
[BOT] Making move: (14,10)
[BOT] Making move: (13,5)
[BOT] Making move: (15,7)
[BOT] Making move: (12,6)
[BOT] Making move: (13,11)
[BOT] Making move: (12,11)
[BOT] Making move: (12,12)
[BOT] Making move: (10,12)
[BOT] Making move: (10,13)
[BOT] Making move: (16,8)
[BOT] Making move: (16,9)
[BOT] Making move: (17,6)
[BOT] Making move: (13,3)
[BOT] Making move: (15,11)
[BOT] Making move: (18,12)
[BOT] Making move: (11,6)
[BOT] Making move: (12,4)
[BOT] Making move: (16,12)
[BOT] Making move: (17,12)
[BOT] Making move: (13,2)
[BOT] Making move: (7,5)
[BOT] Making move: (9,3)
[BOT] Making move: (10,6)
[BOT] Making move: (10,3)
[BOT] Making move: (9,14)
[BOT] Making move: (14,11)
[BOT] Making move: (15,10)
[BOT] Making move: (7,2)
[BOT] Making move: (8,1)
[BOT] Making move: (5,8)
[BOT] Making move: (18,8)
[BOT] Making move: (6,3)
[BOT] Making move: (6,4)
[BOT] Making move: (5,1)
[BOT] Making move: (17,9)
[BOT] Making move: (14,13)
[BOT] Making move: (7,1)
[BOT] Making move: (5,6)
[BOT] Making move: (4,7)
[BOT] Making move: (6,8)
[BOT] Making move: (7,7)
[BOT] Making move: (7,12)
[BOT] Making move: (8,12)
[BOT] Making move: (5,13)
[BOT] Making move: (5,9)
[BOT] Making move: (5,11)
[BOT] Making move: (6,10)
[BOT] Making move: (2,7)
[BOT] Making move: (4,12)
[BOT] Making move: (6,9)
[BOT] Making move: (1,14)
[BOT] Making move: (3,13)
[BOT] Making move: (3,6)
[BOT] Making move: (2,6)
[BOT] Making move: (3,7)
[BOT] Making move: (3,9)
[BOT] Making move: (2,11)
[BOT] Making move: (2,16)
[BOT] Making move: (0,14)
[BOT] Making move: (4,16)
[BOT] Making move: (4,15)
[BOT] Making move: (3,14)
[BOT] Making move: (15,4)
[BOT] Making move: (3,5)
[BOT] Making move: (4,3)
[BOT] Making move: (6,15)
[BOT] Making move: (14,1)
[BOT] Making move: (11,2)
[BOT] Making move: (1,8)
[BOT] Making move: (6,14)
[BOT] Making move: (8,16)
[BOT] Making move: (6,16)
[BOT] Making move: (7,16)
[BOT] Making move: (9,16)
[BOT] Making move: (9,15)
[BOT] Making move: (7,17)
[BOT] Making move: (12,14)
[BOT] Making move: (13,17)
[BOT] Making move: (5,17)
[BOT] Making move: (2,4)
[BOT] Making move: (2,2)
[BOT] Making move: (1,2)
[BOT] Making move: (4,1)
[BOT] Making move: (3,1)
[BOT] Making move: (15,2)
[BOT] Making move: (16,4)
[BOT] Making move: (13,16)
[BOT] Making move: (11,17)
[BOT] Making move: (12,17)
[BOT] Making move: (14,15)
[BOT] Making move: (3,10)
[BOT] Making move: (18,3)
[BOT] Making move: (16,2)
[BOT] Making move: (12,2)
[BOT] Making move: (15,16)
[BOT] Making move: (16,16)
[BOT] Making move: (16,15)
[BOT] Making move: (16,14)
[BOT] Making move: (15,15)
[BOT] Making move: (17,15)
[BOT] Making move: (14,14)
[BOT] Making move: (15,17)
[BOT] Making move: (18,16)
[BOT] Making move: (10,17)
[BOT] Making move: (5,12)
[BOT] Making move: (0,8)
[BOT] Making move: (13,1)
[BOT] Making move: (1,11)
[BOT] Making move: (1,18)
[BOT] Making move: (0,17)
[BOT] Making move: (0,11)
[BOT] Making move: (5,18)
[BOT] Making move: (1,4)
[BOT] Making move: (2,0)
[BOT] Making move: (6,0)
[BOT] Making move: (17,3)
[BOT] Making move: (0,4)
[BOT] Making move: (9,0)
[BOT] Making move: (12,0)
[BOT] Making move: (7,18)
[BOT] Making move: (14,0)
[BOT] Making move: (10,18)
[BOT] Making move: (13,18)
[BOT] Making move: (15,18)
[BOT] Making move: (12,1)
[BOT] Making move: (17,2)
[BOT] Making move: (2,9)
[BOT] Making move: (16,18)
[BOT] Making move: (18,1)
[BOT] Making move: (18,7)
[BOT] Making move: (10,4)
[BOT] Making move: (18,5)
[BOT] Making move: (0,1)
[BOT] Making move: (4,14)
[BOT] Making move: (8,11)
[BOT] Making move: (1,6)
[BOT] Making move: (6,18)
[BOT] Making move: (0,16)
[BOT] Making move: (18,10)
[BOT] Making move: (0,5)
[BOT] Making move: (2,17)
[BOT] Making move: (1,15)
[BOT] Making move: (18,17)
[BOT] Making move: (3,18)
[BOT] Making move: (0,9)
[BOT] Making move: (18,6)
[BOT] Making move: (5,2)
[BOT] Making move: (17,14)
[BOT] Making move: (10,10)
[BOT] Making move: (6,5)
[BOT] Making move: (16,1)
[BOT] Making move: (0,6)
[BOT] Making move: (4,2)
[BOT] Making move: (2,18)
[BOT] Making move: (1,7)
[BOT] Making move: (8,14)
[BOT] Making move: (11,0)
[BOT] Making move: (10,15)
[BOT] Making move: (0,18)
[BOT] Making move: (3,17)
[BOT] Making move: (0,2)
[BOT] Game ended in a draw.
[BOT] Game complete, waiting for tournament runner...
