[DEBUG] launcher called with: username=lexington_bot_sd235, run_only=True
[DEBUG] loaded config: username=lexington_bot_sd235
[DEBUG] Credentials match, running bot

=== Running Bot ===
Username: lexington_bot_sd235
Server: ws://localhost:8000/ws

Starting bot... (Press Ctrl+C to stop)

[BOT] Connecting to ws://localhost:8000/ws...
[BOT-STDERR] Connecting to ws://localhost:8000/ws...
[BOT] Connected as lexington_bot_sd235
[BOT-STDERR] Connected as lexington_bot_sd235
[BOT] Authenticated successfully
[BOT] Waiting for tournament runner to initiate games...
[BOT] Created game 1ad7cd0e, playing as White
[BOT] Waiting for opponent...
[BOT] Game started! Playing as White against normal_bot_sd235
[BOT] Making move: (11,10)
[BOT] Making move: (12,9)
[BOT] Making move: (10,8)
[BOT] Making move: (11,6)
[BOT] Making move: (6,11)
[BOT] Making move: (7,9)
[BOT] Making move: (9,7)
[BOT] Making move: (7,8)
[BOT] Making move: (8,10)
[BOT] Making move: (9,12)
[BOT] Making move: (12,8)
[BOT] Making move: (12,11)
[BOT] Making move: (8,8)
[BOT] Defeat. normal_bot_sd235 won the game.
[BOT] Game complete, waiting for tournament runner...
[BOT] Created game 81588a27, playing as Black
[BOT] Waiting for opponent...
[BOT] Game started! Playing as Black against normal_bot_sd235
[BOT] Making move: (10,8)
[BOT] Making move: (10,11)
[BOT] Making move: (11,12)
[BOT] Making move: (12,13)
[BOT] Making move: (9,8)
[BOT] Making move: (9,9)
[BOT] Making move: (8,7)
[BOT] Making move: (6,10)
[BOT] Making move: (10,12)
[BOT] Making move: (8,11)
[BOT] Making move: (5,7)
[BOT] Making move: (6,14)
[BOT] Making move: (11,5)
[BOT] Making move: (13,13)
[BOT] Making move: (12,11)
[BOT] Making move: (10,13)
[BOT] Making move: (9,12)
[BOT] Making move: (12,15)
[BOT] Making move: (10,14)
[BOT] Making move: (9,14)
[BOT] Making move: (7,14)
[BOT] Making move: (8,13)
[BOT] Making move: (9,15)
[BOT] Making move: (8,16)
[BOT] Making move: (7,15)
[BOT] Making move: (7,12)
[BOT] Making move: (7,7)
[BOT] Making move: (5,14)
[BOT] Making move: (4,13)
[BOT] Making move: (14,10)
[BOT] Making move: (4,8)
[BOT] Making move: (6,7)
[BOT] Making move: (5,9)
[BOT] Making move: (3,9)
[BOT] Making move: (9,17)
[BOT] Making move: (9,16)
[BOT] Making move: (6,16)
[BOT] Making move: (2,10)
[BOT] Making move: (4,9)
[BOT] Making move: (3,8)
[BOT] Making move: (7,11)
[BOT] Making move: (5,11)
[BOT] Making move: (2,12)
[BOT] Making move: (2,16)
[BOT] Making move: (3,12)
[BOT] Making move: (3,17)
[BOT] Making move: (6,9)
[BOT] Making move: (5,6)
[BOT] Making move: (5,5)
[BOT] Making move: (5,4)
[BOT] Making move: (2,5)
[BOT] Making move: (2,11)
[BOT] Making move: (1,12)
[BOT] Making move: (3,10)
[BOT] Making move: (3,11)
[BOT] Victory! I won the game!
[BOT] Game complete, waiting for tournament runner...
[BOT] Created game afaf65db, playing as Black
[BOT] Waiting for opponent...
[BOT] Game started! Playing as Black against normal_bot_sd235
[BOT] Making move: (10,7)
[BOT] Making move: (11,8)
[BOT] Making move: (9,9)
[BOT] Making move: (12,7)
[BOT] Making move: (13,6)
[BOT] Making move: (12,6)
[BOT] Making move: (13,5)
[BOT] Making move: (15,6)
[BOT] Making move: (14,3)
[BOT] Making move: (14,8)
[BOT] Making move: (12,8)
[BOT] Making move: (10,11)
[BOT] Making move: (13,9)
[BOT] Making move: (16,7)
[BOT] Making move: (17,9)
[BOT] Making move: (15,4)
[BOT] Making move: (15,5)
[BOT] Making move: (12,3)
[BOT] Making move: (11,9)
[BOT] Making move: (11,10)
[BOT] Making move: (12,11)
[BOT] Making move: (7,10)
[BOT] Making move: (6,9)
[BOT] Making move: (5,10)
[BOT] Making move: (5,8)
[BOT] Making move: (5,9)
[BOT] Making move: (6,8)
[BOT] Making move: (4,10)
[BOT] Making move: (7,7)
[BOT] Making move: (3,11)
[BOT] Victory! I won the game!
[BOT] Game complete, waiting for tournament runner...
[BOT] Created game f0f541b0, playing as Black
[BOT] Waiting for opponent...
[BOT] Game started! Playing as Black against normal_bot_sd235
[BOT] Making move: (10,7)
[BOT] Making move: (12,9)
[BOT] Making move: (11,9)
[BOT] Making move: (12,6)
[BOT] Making move: (7,11)
[BOT] Making move: (12,8)
[BOT] Making move: (13,8)
[BOT] Making move: (15,7)
[BOT] Making move: (9,6)
[BOT] Making move: (11,6)
[BOT] Making move: (9,8)
[BOT] Making move: (8,7)
[BOT] Making move: (12,10)
[BOT] Making move: (14,9)
[BOT] Making move: (8,12)
[BOT] Making move: (14,4)
[BOT] Making move: (12,11)
[BOT] Making move: (9,13)
[BOT] Making move: (7,10)
[BOT] Making move: (10,12)
[BOT] Making move: (5,9)
[BOT] Making move: (5,7)
[BOT] Making move: (6,6)
[BOT] Defeat. normal_bot_sd235 won the game.
[BOT] Game complete, waiting for tournament runner...
[BOT] Created game 39c962bc, playing as White
[BOT] Waiting for opponent...
[BOT] Game started! Playing as White against normal_bot_sd235
[BOT] Making move: (9,8)
[BOT] Making move: (9,9)
[BOT] Making move: (8,6)
[BOT] Making move: (7,7)
[BOT] Making move: (7,9)
[BOT] Making move: (6,8)
[BOT] Making move: (8,10)
[BOT] Making move: (10,8)
[BOT] Making move: (12,8)
[BOT] Making move: (10,5)
[BOT] Making move: (6,7)
[BOT] Making move: (5,10)
[BOT] Making move: (10,7)
[BOT] Making move: (13,6)
[BOT] Making move: (12,4)
[BOT] Making move: (11,4)
[BOT] Defeat. normal_bot_sd235 won the game.
[BOT] Game complete, waiting for tournament runner...
[BOT] Created game d57e9f0c, playing as Black
[BOT] Waiting for opponent...
[BOT] Game started! Playing as Black against normal_bot_sd235
[BOT] Making move: (7,7)
[BOT] Making move: (7,5)
[BOT] Making move: (9,6)
[BOT] Making move: (6,6)
[BOT] Making move: (8,8)
[BOT] Making move: (8,10)
[BOT] Making move: (5,6)
[BOT] Making move: (7,9)
[BOT] Making move: (9,10)
[BOT] Making move: (6,11)
[BOT] Making move: (11,11)
[BOT] Making move: (6,10)
[BOT] Making move: (6,9)
[BOT] Making move: (5,11)
[BOT] Making move: (6,12)
[BOT] Making move: (7,13)
[BOT] Making move: (4,11)
[BOT] Making move: (3,11)
[BOT] Making move: (8,14)
[BOT] Making move: (9,13)
[BOT] Making move: (9,12)
[BOT] Making move: (10,14)
[BOT] Making move: (11,15)
[BOT] Making move: (11,12)
[BOT] Making move: (10,9)
[BOT] Making move: (12,14)
[BOT] Making move: (12,13)
[BOT] Making move: (4,6)
[BOT] Making move: (12,9)
[BOT] Making move: (13,9)
[BOT] Making move: (13,14)
[BOT] Making move: (13,15)
[BOT] Making move: (14,16)
[BOT] Making move: (16,16)
[BOT] Making move: (15,17)
[BOT] Making move: (12,10)
[BOT] Making move: (12,8)
[BOT] Making move: (14,10)
[BOT] Making move: (11,6)
[BOT] Making move: (10,7)
[BOT] Making move: (14,7)
[BOT] Making move: (12,5)
[BOT] Making move: (13,6)
[BOT] Making move: (12,6)
[BOT] Making move: (15,6)
[BOT] Making move: (15,10)
[BOT] Making move: (16,11)
[BOT] Making move: (14,12)
[BOT] Making move: (16,7)
[BOT] Making move: (13,5)
[BOT] Making move: (10,4)
[BOT] Making move: (15,4)
[BOT] Making move: (16,5)
[BOT] Making move: (16,6)
[BOT] Making move: (14,3)
[BOT] Making move: (16,4)
[BOT] Making move: (12,3)
[BOT] Making move: (11,5)
[BOT] Making move: (11,1)
[BOT] Making move: (15,2)
[BOT] Making move: (16,0)
[BOT] Making move: (11,2)
[BOT] Making move: (17,9)
[BOT] Making move: (14,8)
[BOT] Making move: (13,0)
[BOT] Making move: (16,1)
[BOT] Making move: (14,0)
[BOT] Making move: (17,6)
[BOT] Making move: (15,3)
[BOT] Making move: (17,4)
[BOT] Making move: (17,5)
[BOT] Making move: (18,8)
[BOT] Making move: (15,14)
[BOT] Making move: (17,13)
[BOT] Making move: (16,12)
[BOT] Making move: (17,14)
[BOT] Making move: (16,15)
[BOT] Making move: (5,14)
[BOT] Making move: (4,9)
[BOT] Making move: (1,10)
[BOT] Making move: (2,8)
[BOT] Making move: (2,13)
[BOT] Making move: (1,12)
[BOT] Making move: (3,9)
[BOT] Making move: (3,14)
[BOT] Making move: (4,14)
[BOT] Making move: (2,14)
[BOT] Making move: (5,13)
[BOT] Making move: (5,15)
[BOT] Making move: (6,16)
[BOT] Making move: (5,17)
[BOT] Making move: (7,15)
[BOT] Victory! I won the game!
[BOT] Game complete, waiting for tournament runner...
[BOT] Created game 2b1c56d0, playing as White
[BOT] Waiting for opponent...
[BOT] Game started! Playing as White against normal_bot_sd235
[BOT] Making move: (8,9)
[BOT] Making move: (9,11)
[BOT] Making move: (7,10)
[BOT] Making move: (10,8)
[BOT] Making move: (5,13)
[BOT] Making move: (9,12)
[BOT] Making move: (9,13)
[BOT] Making move: (10,13)
[BOT] Making move: (10,14)
[BOT] Making move: (6,10)
[BOT] Making move: (7,12)
[BOT] Making move: (12,11)
[BOT] Making move: (10,15)
[BOT] Making move: (6,13)
[BOT] Making move: (11,15)
[BOT] Making move: (11,16)
[BOT] Making move: (9,6)
[BOT] Making move: (7,6)
[BOT] Making move: (9,15)
[BOT] Making move: (11,13)
[BOT] Making move: (12,13)
[BOT] Making move: (4,13)
[BOT] Making move: (8,16)
[BOT] Making move: (7,15)
[BOT] Making move: (6,14)
[BOT] Making move: (9,17)
[BOT] Victory! I won the game!
[BOT] Game complete, waiting for tournament runner...
[BOT] Created game ce5f8de3, playing as Black
[BOT] Waiting for opponent...
[BOT] Game started! Playing as Black against normal_bot_sd235
[BOT] Making move: (8,7)
[BOT] Making move: (6,9)
[BOT] Making move: (7,9)
[BOT] Making move: (9,8)
[BOT] Making move: (6,6)
[BOT] Making move: (7,6)
[BOT] Making move: (5,6)
[BOT] Making move: (6,5)
[BOT] Making move: (4,7)
[BOT] Making move: (6,4)
[BOT] Making move: (6,3)
[BOT] Making move: (5,10)
[BOT] Making move: (5,9)
[BOT] Making move: (5,8)
[BOT] Making move: (3,8)
[BOT] Making move: (4,8)
[BOT] Making move: (5,12)
[BOT] Making move: (7,11)
[BOT] Making move: (2,8)
[BOT] Making move: (3,6)
[BOT] Making move: (3,7)
[BOT] Making move: (2,4)
[BOT] Making move: (4,5)
[BOT] Making move: (0,7)
[BOT] Making move: (1,6)
[BOT] Making move: (5,3)
[BOT] Making move: (11,8)
[BOT] Making move: (11,11)
[BOT] Making move: (10,6)
[BOT] Defeat. normal_bot_sd235 won the game.
[BOT] Game complete, waiting for tournament runner...
[BOT] Created game 6ae16e9e, playing as White
[BOT] Waiting for opponent...
[BOT] Game started! Playing as White against normal_bot_sd235
[BOT] Making move: (9,8)
[BOT] Making move: (8,10)
[BOT] Making move: (7,8)
[BOT] Making move: (7,9)
[BOT] Making move: (10,6)
[BOT] Making move: (11,9)
[BOT] Making move: (10,10)
[BOT] Making move: (8,11)
[BOT] Making move: (9,13)
[BOT] Making move: (11,10)
[BOT] Making move: (12,13)
[BOT] Making move: (8,12)
[BOT] Making move: (11,8)
[BOT] Making move: (10,7)
[BOT] Making move: (13,12)
[BOT] Making move: (13,5)
[BOT] Making move: (6,15)
[BOT] Making move: (7,13)
[BOT] Making move: (9,14)
[BOT] Making move: (10,13)
[BOT] Making move: (9,15)
[BOT] Making move: (14,11)
[BOT] Making move: (13,10)
[BOT] Making move: (13,11)
[BOT] Making move: (12,10)
[BOT] Making move: (13,9)
[BOT] Making move: (16,11)
[BOT] Making move: (14,12)
[BOT] Making move: (15,12)
[BOT] Making move: (16,13)
[BOT] Making move: (16,12)
[BOT] Making move: (16,10)
[BOT] Making move: (16,9)
[BOT] Victory! I won the game!
[BOT] Game complete, waiting for tournament runner...
[BOT] Created game 0ad4584a, playing as Black
[BOT] Waiting for opponent...
[BOT] Game started! Playing as Black against normal_bot_sd235
[BOT] Making move: (10,9)
[BOT] Making move: (9,7)
[BOT] Making move: (10,7)
[BOT] Making move: (12,7)
[BOT] Making move: (11,8)
[BOT] Making move: (12,8)
[BOT] Making move: (11,10)
[BOT] Making move: (7,8)
[BOT] Making move: (8,10)
[BOT] Making move: (12,13)
[BOT] Making move: (8,5)
[BOT] Making move: (13,6)
[BOT] Making move: (9,6)
[BOT] Making move: (14,9)
[BOT] Making move: (13,10)
[BOT] Making move: (15,8)
[BOT] Making move: (14,7)
[BOT] Making move: (14,8)
[BOT] Making move: (15,6)
[BOT] Making move: (15,5)
[BOT] Making move: (14,6)
[BOT] Making move: (11,5)
[BOT] Making move: (14,12)
[BOT] Making move: (11,11)
[BOT] Making move: (11,13)
[BOT] Making move: (9,12)
[BOT] Making move: (10,14)
[BOT] Making move: (15,9)
[BOT] Making move: (16,6)
[BOT] Making move: (14,4)
[BOT] Making move: (16,10)
[BOT] Making move: (17,11)
[BOT] Making move: (11,4)
[BOT] Making move: (13,4)
[BOT] Making move: (12,3)
[BOT] Making move: (17,13)
[BOT] Making move: (10,5)
[BOT] Making move: (9,5)
[BOT] Making move: (9,4)
[BOT] Making move: (8,4)
[BOT] Making move: (7,6)
[BOT] Making move: (8,3)
[BOT] Making move: (8,15)
[BOT] Making move: (16,11)
[BOT] Making move: (17,8)
[BOT] Making move: (8,2)
[BOT] Making move: (6,7)
[BOT] Making move: (17,7)
[BOT] Making move: (7,3)
[BOT] Making move: (5,4)
[BOT] Making move: (6,2)
[BOT] Making move: (17,10)
[BOT] Making move: (15,12)
[BOT] Making move: (5,3)
[BOT] Making move: (6,1)
[BOT] Making move: (5,7)
[BOT] Making move: (7,9)
[BOT] Making move: (7,10)
[BOT] Making move: (7,11)
[BOT] Making move: (8,13)
[BOT] Making move: (6,12)
[BOT] Making move: (3,8)
[BOT] Making move: (4,10)
[BOT] Making move: (5,10)
[BOT] Making move: (4,9)
[BOT] Making move: (4,11)
[BOT] Making move: (3,12)
[BOT] Making move: (2,13)
[BOT] Making move: (3,11)
[BOT] Making move: (2,14)
[BOT] Making move: (2,5)
[BOT] Making move: (4,6)
[BOT] Making move: (4,8)
[BOT] Making move: (2,12)
[BOT] Making move: (2,15)
[BOT] Making move: (1,13)
[BOT] Making move: (3,15)
[BOT] Making move: (3,16)
[BOT] Making move: (4,13)
[BOT] Making move: (0,7)
[BOT] Making move: (14,3)
[BOT] Making move: (3,4)
[BOT] Making move: (5,14)
[BOT] Making move: (14,2)
[BOT] Making move: (11,3)
[BOT] Making move: (2,8)
[BOT] Making move: (4,5)
[BOT] Making move: (7,13)
[BOT] Making move: (7,15)
[BOT] Making move: (6,17)
[BOT] Making move: (5,16)
[BOT] Making move: (10,16)
[BOT] Making move: (9,17)
[BOT] Making move: (11,15)
[BOT] Making move: (12,16)
[BOT] Making move: (5,15)
[BOT] Making move: (4,4)
[BOT] Making move: (3,3)
[BOT] Making move: (2,3)
[BOT] Making move: (3,2)
[BOT] Making move: (3,0)
[BOT] Making move: (2,1)
[BOT] Making move: (16,3)
[BOT] Making move: (11,16)
[BOT] Making move: (11,14)
[BOT] Making move: (13,15)
[BOT] Making move: (14,17)
[BOT] Making move: (15,14)
[BOT] Making move: (15,3)
[BOT] Making move: (4,18)
[BOT] Making move: (9,1)
[BOT] Making move: (10,2)
[BOT] Making move: (1,3)
[BOT] Making move: (14,16)
[BOT] Making move: (16,17)
[BOT] Making move: (16,13)
[BOT] Making move: (17,17)
[BOT] Making move: (18,15)
[BOT] Making move: (13,13)
[BOT] Making move: (18,14)
[BOT] Making move: (18,9)
[BOT] Making move: (6,13)
[BOT] Making move: (18,4)
[BOT] Making move: (11,1)
[BOT] Making move: (15,1)
[BOT] Making move: (1,9)
[BOT] Making move: (1,17)
[BOT] Making move: (0,15)
[BOT] Making move: (0,10)
[BOT] Making move: (1,5)
[BOT] Making move: (4,0)
[BOT] Making move: (5,0)
[BOT] Making move: (17,4)
[BOT] Making move: (7,0)
[BOT] Making move: (0,3)
[BOT] Making move: (10,0)
[BOT] Making move: (13,0)
[BOT] Making move: (8,18)
[BOT] Making move: (11,18)
[BOT] Making move: (12,18)
[BOT] Making move: (17,0)
[BOT] Making move: (17,18)
[BOT] Making move: (18,18)
[BOT] Making move: (12,15)
[BOT] Making move: (0,12)
[BOT] Making move: (17,5)
[BOT] Making move: (9,13)
[BOT] Making move: (6,11)
[BOT] Making move: (1,16)
[BOT] Making move: (2,10)
[BOT] Making move: (18,2)
[BOT] Making move: (8,17)
[BOT] Making move: (8,0)
[BOT] Making move: (17,16)
[BOT] Making move: (16,0)
[BOT] Making move: (13,14)
[BOT] Making move: (9,2)
[BOT] Making move: (16,5)
[BOT] Making move: (5,5)
[BOT] Making move: (1,10)
[BOT] Making move: (18,11)
[BOT] Making move: (1,12)
[BOT] Making move: (1,0)
[BOT] Making move: (1,1)
[BOT] Making move: (9,18)
[BOT] Making move: (0,13)
[BOT] Making move: (7,14)
[BOT] Making move: (14,18)
[BOT] Making move: (9,11)
[BOT] Making move: (4,17)
[BOT] Making move: (17,1)
[BOT] Making move: (15,0)
[BOT] Making move: (15,13)
[BOT] Making move: (13,12)
[BOT] Making move: (18,13)
[BOT] Making move: (18,0)
[BOT] Making move: (0,0)
[BOT] Making move: (10,1)
[BOT] Making move: (6,6)
[BOT] Game ended in a draw.
[BOT] Game complete, waiting for tournament runner...
[BOT] Created game b1090ee1, playing as Black
[BOT] Waiting for opponent...
[BOT] Game started! Playing as Black against easy_bot_sd235
[BOT] Making move: (9,10)
[BOT] Making move: (10,10)
[BOT] Making move: (11,9)
[BOT] Making move: (7,9)
[BOT] Making move: (9,11)
[BOT] Making move: (10,12)
[BOT] Making move: (6,8)
[BOT] Victory! I won the game!
[BOT] Game complete, waiting for tournament runner...
[BOT] Created game 20cdba3c, playing as White
[BOT] Waiting for opponent...
[BOT] Game started! Playing as White against easy_bot_sd235
[BOT] Making move: (10,10)
[BOT] Making move: (9,11)
[BOT] Making move: (8,12)
[BOT] Making move: (8,9)
[BOT] Making move: (8,11)
[BOT] Making move: (7,11)
[BOT] Making move: (6,10)
[BOT] Making move: (8,13)
[BOT] Making move: (8,14)
[BOT] Making move: (10,8)
[BOT] Making move: (9,7)
[BOT] Making move: (12,11)
[BOT] Making move: (13,9)
[BOT] Making move: (7,7)
[BOT] Making move: (8,7)
[BOT] Making move: (6,7)
[BOT] Making move: (5,8)
[BOT] Making move: (6,9)
[BOT] Making move: (7,10)
[BOT] Making move: (4,7)
[BOT] Victory! I won the game!
[BOT] Game complete, waiting for tournament runner...
[BOT] Created game a962490a, playing as White
[BOT] Waiting for opponent...
[BOT] Game started! Playing as White against easy_bot_sd235
[BOT] Making move: (9,7)
[BOT] Making move: (10,8)
[BOT] Making move: (8,6)
[BOT] Making move: (12,7)
[BOT] Making move: (10,10)
[BOT] Making move: (9,8)
[BOT] Making move: (8,11)
[BOT] Making move: (9,11)
[BOT] Making move: (10,11)
[BOT] Making move: (7,11)
[BOT] Making move: (6,11)
[BOT] Victory! I won the game!
[BOT] Game complete, waiting for tournament runner...
[BOT] Created game 933a90fa, playing as White
[BOT] Waiting for opponent...
[BOT] Game started! Playing as White against easy_bot_sd235
[BOT] Making move: (9,9)
[BOT] Making move: (9,7)
[BOT] Making move: (9,6)
[BOT] Making move: (8,7)
[BOT] Making move: (7,8)
[BOT] Making move: (8,12)
[BOT] Making move: (7,10)
[BOT] Making move: (7,7)
[BOT] Making move: (7,9)
[BOT] Making move: (7,11)
[BOT] Victory! I won the game!
[BOT] Game complete, waiting for tournament runner...
[BOT] Created game 629c6efb, playing as Black
[BOT] Waiting for opponent...
[BOT] Game started! Playing as Black against easy_bot_sd235
[BOT] Making move: (10,8)
[BOT] Making move: (8,9)
[BOT] Making move: (7,9)
[BOT] Making move: (10,9)
[BOT] Making move: (10,10)
[BOT] Making move: (10,7)
[BOT] Making move: (11,6)
[BOT] Making move: (11,5)
[BOT] Making move: (12,7)
[BOT] Making move: (11,8)
[BOT] Making move: (13,8)
[BOT] Making move: (8,11)
[BOT] Making move: (12,5)
[BOT] Making move: (10,5)
[BOT] Making move: (13,5)
[BOT] Making move: (14,5)
[BOT] Victory! I won the game!
[BOT] Game complete, waiting for tournament runner...
[BOT] Created game 115ce7d3, playing as Black
[BOT] Waiting for opponent...
[BOT] Game started! Playing as Black against easy_bot_sd235
[BOT] Making move: (10,8)
[BOT] Making move: (10,10)
[BOT] Making move: (9,10)
[BOT] Making move: (8,10)
[BOT] Making move: (11,10)
[BOT] Making move: (7,10)
[BOT] Victory! I won the game!
[BOT] Game complete, waiting for tournament runner...
[BOT] Created game a5e1e4ad, playing as Black
[BOT] Waiting for opponent...
[BOT] Game started! Playing as Black against easy_bot_sd235
[BOT] Making move: (7,9)
[BOT] Making move: (7,11)
[BOT] Making move: (8,8)
[BOT] Making move: (10,8)
[BOT] Making move: (9,7)
[BOT] Making move: (11,9)
[BOT] Making move: (8,6)
[BOT] Making move: (12,10)
[BOT] Victory! I won the game!
[BOT] Game complete, waiting for tournament runner...
[BOT] Created game e03576e1, playing as White
[BOT] Waiting for opponent...
[BOT] Game started! Playing as White against easy_bot_sd235
[BOT] Making move: (10,8)
[BOT] Making move: (9,7)
[BOT] Making move: (8,6)
[BOT] Making move: (10,10)
[BOT] Making move: (10,9)
[BOT] Making move: (9,10)
[BOT] Making move: (8,10)
[BOT] Making move: (7,10)
[BOT] Making move: (12,7)
[BOT] Making move: (12,9)
[BOT] Making move: (12,8)
[BOT] Making move: (13,8)
[BOT] Making move: (14,8)
[BOT] Making move: (11,6)
[BOT] Making move: (8,11)
[BOT] Making move: (9,12)
[BOT] Making move: (6,9)
[BOT] Making move: (5,8)
[BOT] Victory! I won the game!
[BOT] Game complete, waiting for tournament runner...
[BOT] Created game 30737df8, playing as White
[BOT] Waiting for opponent...
[BOT] Game started! Playing as White against easy_bot_sd235
[BOT] Making move: (8,10)
[BOT] Making move: (7,9)
[BOT] Making move: (10,12)
[BOT] Making move: (8,8)
[BOT] Making move: (6,10)
[BOT] Making move: (7,10)
[BOT] Making move: (9,10)
[BOT] Making move: (5,10)
[BOT] Victory! I won the game!
[BOT] Game complete, waiting for tournament runner...
[BOT] Created game 2dfda05c, playing as White
[BOT] Waiting for opponent...
[BOT] Game started! Playing as White against easy_bot_sd235
[BOT] Making move: (10,10)
[BOT] Making move: (10,9)
[BOT] Making move: (9,8)
[BOT] Making move: (8,9)
[BOT] Making move: (7,10)
[BOT] Making move: (11,7)
[BOT] Making move: (8,7)
[BOT] Making move: (6,12)
[BOT] Making move: (9,7)
[BOT] Making move: (12,7)
[BOT] Victory! I won the game!
