[DEBUG] launcher called with: username=easy_bot_sd235, run_only=True
[DEBUG] loaded config: username=easy_bot_sd235
[DEBUG] Credentials match, running bot

=== Running Bot ===
Username: easy_bot_sd235
Server: ws://localhost:8000/ws

Starting bot... (Press Ctrl+C to stop)

[BOT] Connecting to ws://localhost:8000/ws...
[BOT-STDERR] Connecting to ws://localhost:8000/ws...
[BOT] Connected as easy_bot_sd235
[BOT-STDERR] Connected as easy_bot_sd235
[BOT] Authenticated successfully
[BOT] Waiting for tournament runner to initiate games...
[BOT] Game started! Playing as White against lexington_bot_sd235
[BOT] Making move: (9,9)
[BOT] Making move: (6,10)
[BOT] Making move: (11,10)
[BOT] Making move: (8,8)
[BOT] Making move: (8,9)
[BOT] Making move: (8,12)
[BOT] Making move: (11,13)
[BOT] Defeat. lexington_bot_sd235 won the game.
[BOT] Game complete, waiting for tournament runner...
[BOT] Game started! Playing as Black against lexington_bot_sd235
[BOT] Making move: (9,9)
[BOT] Making move: (12,8)
[BOT] Making move: (7,13)
[BOT] Making move: (8,8)
[BOT] Making move: (8,10)
[BOT] Making move: (6,11)
[BOT] Making move: (9,13)
[BOT] Making move: (5,9)
[BOT] Making move: (8,15)
[BOT] Making move: (9,8)
[BOT] Making move: (12,10)
[BOT] Making move: (10,12)
[BOT] Making move: (8,6)
[BOT] Making move: (9,10)
[BOT] Making move: (10,7)
[BOT] Making move: (5,7)
[BOT] Making move: (7,8)
[BOT] Making move: (6,8)
[BOT] Making move: (9,12)
[BOT] Defeat. lexington_bot_sd235 won the game.
[BOT] Game complete, waiting for tournament runner...
[BOT] Game started! Playing as Black against lexington_bot_sd235
[BOT] Making move: (9,9)
[BOT] Making move: (12,10)
[BOT] Making move: (7,5)
[BOT] Making move: (8,8)
[BOT] Making move: (8,9)
[BOT] Making move: (8,10)
[BOT] Making move: (9,10)
[BOT] Making move: (8,12)
[BOT] Making move: (12,8)
[BOT] Making move: (11,11)
[BOT] Defeat. lexington_bot_sd235 won the game.
[BOT] Game complete, waiting for tournament runner...
[BOT] Game started! Playing as Black against lexington_bot_sd235
[BOT] Making move: (8,9)
[BOT] Making move: (9,10)
[BOT] Making move: (9,5)
[BOT] Making move: (8,10)
[BOT] Making move: (8,11)
[BOT] Making move: (6,9)
[BOT] Making move: (10,5)
[BOT] Making move: (6,7)
[BOT] Making move: (7,6)
[BOT] Defeat. lexington_bot_sd235 won the game.
[BOT] Game complete, waiting for tournament runner...
[BOT] Game started! Playing as White against lexington_bot_sd235
[BOT] Making move: (8,8)
[BOT] Making move: (8,10)
[BOT] Making move: (12,6)
[BOT] Making move: (6,9)
[BOT] Making move: (11,9)
[BOT] Making move: (10,11)
[BOT] Making move: (10,6)
[BOT] Making move: (9,8)
[BOT] Making move: (11,4)
[BOT] Making move: (13,7)
[BOT] Making move: (13,6)
[BOT] Making move: (14,9)
[BOT] Making move: (9,10)
[BOT] Making move: (13,4)
[BOT] Making move: (9,4)
[BOT] Making move: (9,5)
[BOT] Defeat. lexington_bot_sd235 won the game.
[BOT] Game complete, waiting for tournament runner...
[BOT] Game started! Playing as White against lexington_bot_sd235
[BOT] Making move: (9,9)
[BOT] Making move: (8,8)
[BOT] Making move: (10,11)
[BOT] Making move: (8,11)
[BOT] Making move: (10,7)
[BOT] Making move: (12,10)
[BOT] Defeat. lexington_bot_sd235 won the game.
[BOT] Game complete, waiting for tournament runner...
[BOT] Game started! Playing as White against lexington_bot_sd235
[BOT] Making move: (9,9)
[BOT] Making move: (7,7)
[BOT] Making move: (7,12)
[BOT] Making move: (8,9)
[BOT] Making move: (9,8)
[BOT] Making move: (10,6)
[BOT] Making move: (6,10)
[BOT] Making move: (7,5)
[BOT] Defeat. lexington_bot_sd235 won the game.
[BOT] Game complete, waiting for tournament runner...
[BOT] Game started! Playing as Black against lexington_bot_sd235
[BOT] Making move: (8,8)
[BOT] Making move: (12,10)
[BOT] Making move: (7,5)
[BOT] Making move: (8,9)
[BOT] Making move: (10,11)
[BOT] Making move: (10,7)
[BOT] Making move: (11,10)
[BOT] Making move: (6,10)
[BOT] Making move: (11,8)
[BOT] Making move: (13,9)
[BOT] Making move: (13,7)
[BOT] Making move: (12,6)
[BOT] Making move: (9,11)
[BOT] Making move: (14,9)
[BOT] Making move: (7,12)
[BOT] Making move: (10,5)
[BOT] Making move: (10,13)
[BOT] Defeat. lexington_bot_sd235 won the game.
[BOT] Game complete, waiting for tournament runner...
[BOT] Game started! Playing as Black against lexington_bot_sd235
[BOT] Making move: (9,9)
[BOT] Making move: (6,8)
[BOT] Making move: (11,13)
[BOT] Making move: (8,9)
[BOT] Making move: (5,11)
[BOT] Making move: (9,7)
[BOT] Making move: (10,10)
[BOT] Defeat. lexington_bot_sd235 won the game.
[BOT] Game complete, waiting for tournament runner...
[BOT] Game started! Playing as Black against lexington_bot_sd235
[BOT] Making move: (9,9)
[BOT] Making move: (10,8)
[BOT] Making move: (8,8)
[BOT] Making move: (11,6)
[BOT] Making move: (6,11)
[BOT] Making move: (8,10)
[BOT] Making move: (7,11)
[BOT] Making move: (7,6)
[BOT] Making move: (7,7)
[BOT] Defeat. lexington_bot_sd235 won the game.
